[03-Mar-2017 06:17:49 UTC] PHP Fatal error:  Cannot redeclare get_about_school_info() (previously declared in /home/ubuntu/workspace/wp-content/themes/beanstree/functions.php:69) in /home/ubuntu/workspace/wp-content/themes/beanstree/functions.php on line 77
[03-Mar-2017 06:17:49 UTC] PHP Stack trace:
[03-Mar-2017 06:17:49 UTC] PHP   1. {main}() /home/ubuntu/workspace/wp-admin/admin-ajax.php:0
[03-Mar-2017 06:17:49 UTC] PHP   2. require_once() /home/ubuntu/workspace/wp-admin/admin-ajax.php:22
[03-Mar-2017 06:17:49 UTC] PHP   3. require_once() /home/ubuntu/workspace/wp-load.php:37
[03-Mar-2017 06:17:49 UTC] PHP   4. require_once() /home/ubuntu/workspace/wp-config.php:92
[03-Mar-2017 06:19:50 UTC] PHP Fatal error:  Cannot redeclare get_about_school_info() (previously declared in /home/ubuntu/workspace/wp-content/themes/beanstree/functions.php:69) in /home/ubuntu/workspace/wp-content/themes/beanstree/functions.php on line 77
[03-Mar-2017 06:19:50 UTC] PHP Stack trace:
[03-Mar-2017 06:19:50 UTC] PHP   1. {main}() /home/ubuntu/workspace/wp-admin/admin-ajax.php:0
[03-Mar-2017 06:19:50 UTC] PHP   2. require_once() /home/ubuntu/workspace/wp-admin/admin-ajax.php:22
[03-Mar-2017 06:19:50 UTC] PHP   3. require_once() /home/ubuntu/workspace/wp-load.php:37
[03-Mar-2017 06:19:50 UTC] PHP   4. require_once() /home/ubuntu/workspace/wp-config.php:92
[03-Mar-2017 06:20:52 UTC] PHP Parse error:  syntax error, unexpected '=', expecting ',' or ';' in /home/ubuntu/workspace/wp-content/themes/beanstree/functions.php on line 70
[03-Mar-2017 06:20:52 UTC] PHP Stack trace:
[03-Mar-2017 06:20:52 UTC] PHP   1. {main}() /home/ubuntu/workspace/wp-admin/admin-ajax.php:0
[03-Mar-2017 06:20:52 UTC] PHP   2. require_once() /home/ubuntu/workspace/wp-admin/admin-ajax.php:22
[03-Mar-2017 06:20:52 UTC] PHP   3. require_once() /home/ubuntu/workspace/wp-load.php:37
[03-Mar-2017 06:20:52 UTC] PHP   4. require_once() /home/ubuntu/workspace/wp-config.php:92
[03-Mar-2017 06:22:55 UTC] PHP Parse error:  syntax error, unexpected '=', expecting ',' or ';' in /home/ubuntu/workspace/wp-content/themes/beanstree/functions.php on line 71
[03-Mar-2017 06:22:55 UTC] PHP Stack trace:
[03-Mar-2017 06:22:55 UTC] PHP   1. {main}() /home/ubuntu/workspace/wp-admin/admin-ajax.php:0
[03-Mar-2017 06:22:55 UTC] PHP   2. require_once() /home/ubuntu/workspace/wp-admin/admin-ajax.php:22
[03-Mar-2017 06:22:55 UTC] PHP   3. require_once() /home/ubuntu/workspace/wp-load.php:37
[03-Mar-2017 06:22:55 UTC] PHP   4. require_once() /home/ubuntu/workspace/wp-config.php:92
[03-Mar-2017 06:24:59 UTC] PHP Parse error:  syntax error, unexpected '=', expecting ',' or ';' in /home/ubuntu/workspace/wp-content/themes/beanstree/functions.php on line 71
[03-Mar-2017 06:24:59 UTC] PHP Stack trace:
[03-Mar-2017 06:24:59 UTC] PHP   1. {main}() /home/ubuntu/workspace/wp-admin/admin-ajax.php:0
[03-Mar-2017 06:24:59 UTC] PHP   2. require_once() /home/ubuntu/workspace/wp-admin/admin-ajax.php:22
[03-Mar-2017 06:24:59 UTC] PHP   3. require_once() /home/ubuntu/workspace/wp-load.php:37
[03-Mar-2017 06:24:59 UTC] PHP   4. require_once() /home/ubuntu/workspace/wp-config.php:92
[03-Mar-2017 06:26:01 UTC] PHP Parse error:  syntax error, unexpected '=', expecting ',' or ';' in /home/ubuntu/workspace/wp-content/themes/beanstree/functions.php on line 71
[03-Mar-2017 06:26:01 UTC] PHP Stack trace:
[03-Mar-2017 06:26:01 UTC] PHP   1. {main}() /home/ubuntu/workspace/wp-admin/admin-ajax.php:0
[03-Mar-2017 06:26:01 UTC] PHP   2. require_once() /home/ubuntu/workspace/wp-admin/admin-ajax.php:22
[03-Mar-2017 06:26:01 UTC] PHP   3. require_once() /home/ubuntu/workspace/wp-load.php:37
[03-Mar-2017 06:26:01 UTC] PHP   4. require_once() /home/ubuntu/workspace/wp-config.php:92
[03-Mar-2017 06:30:06 UTC] PHP Parse error:  syntax error, unexpected ':', expecting '{' in /home/ubuntu/workspace/wp-content/themes/beanstree/functions.php on line 69
[03-Mar-2017 06:30:06 UTC] PHP Stack trace:
[03-Mar-2017 06:30:06 UTC] PHP   1. {main}() /home/ubuntu/workspace/wp-admin/admin-ajax.php:0
[03-Mar-2017 06:30:06 UTC] PHP   2. require_once() /home/ubuntu/workspace/wp-admin/admin-ajax.php:22
[03-Mar-2017 06:30:06 UTC] PHP   3. require_once() /home/ubuntu/workspace/wp-load.php:37
[03-Mar-2017 06:30:06 UTC] PHP   4. require_once() /home/ubuntu/workspace/wp-config.php:92
[03-Mar-2017 11:26:44 UTC] PHP Parse error:  syntax error, unexpected 'use' (T_USE), expecting '(' in /home/ubuntu/workspace/wp-content/themes/beanstree/functions.php on line 61
[03-Mar-2017 11:26:44 UTC] PHP Stack trace:
[03-Mar-2017 11:26:44 UTC] PHP   1. {main}() /home/ubuntu/workspace/wp-admin/admin-ajax.php:0
[03-Mar-2017 11:26:44 UTC] PHP   2. require_once() /home/ubuntu/workspace/wp-admin/admin-ajax.php:22
[03-Mar-2017 11:26:44 UTC] PHP   3. require_once() /home/ubuntu/workspace/wp-load.php:37
[03-Mar-2017 11:26:44 UTC] PHP   4. require_once() /home/ubuntu/workspace/wp-config.php:92
[13-Mar-2017 03:55:48 UTC] PHP Parse error:  syntax error, unexpected '=', expecting ',' or ';' in /home/ubuntu/workspace/wp-content/themes/beanstree/functions.php on line 81
[13-Mar-2017 03:55:48 UTC] PHP Stack trace:
[13-Mar-2017 03:55:48 UTC] PHP   1. {main}() /home/ubuntu/workspace/wp-admin/admin-ajax.php:0
[13-Mar-2017 03:55:48 UTC] PHP   2. require_once() /home/ubuntu/workspace/wp-admin/admin-ajax.php:22
[13-Mar-2017 03:55:48 UTC] PHP   3. require_once() /home/ubuntu/workspace/wp-load.php:37
[13-Mar-2017 03:55:48 UTC] PHP   4. require_once() /home/ubuntu/workspace/wp-config.php:92
